#
# A fatal error has been detected by the Java Runtime Environment:
#
#  SIGSEGV (0xb) at pc=0x000000012643f12f, pid=7223, tid=5891
#
# JRE version: Java(TM) SE Runtime Environment (8.0_25-b17) (build 1.8.0_25-b17)
# Java VM: Java HotSpot(TM) 64-Bit Server VM (25.25-b02 mixed mode bsd-amd64 compressed oops)
# Problematic frame:
# C  [librxtxSerial.jnilib+0x312f]  Java_gnu_io_RXTXPort_interruptEventLoop+0x6b
#
# Failed to write core dump. Core dumps have been disabled. To enable core dumping, try "ulimit -c unlimited" before starting Java again
#
# If you would like to submit a bug report, please visit:
#   http://bugreport.sun.com/bugreport/crash.jsp
# The crash happened outside the Java Virtual Machine in native code.
# See problematic frame for where to report the bug.
#

---------------  T H R E A D  ---------------

Current thread (0x00007ffd1b003000):  JavaThread "main" [_thread_in_native, id=5891, stack(0x000070000011a000,0x000070000021a000)]

siginfo: si_signo: 11 (SIGSEGV), si_code: 1 (SEGV_MAPERR), si_addr: 0x0000700000e3d868

Registers:
RAX=0x0000000000000000, RBX=0x0000700000e3d700, RCX=0x000070000021a050, RDX=0xffffffffffffffff
RSP=0x00007000002196b0, RBP=0x00007000002196c0, RSI=0x0000000000000000, RDI=0x000000000000003c
R8 =0x0000000000000000, R9 =0x0000000002faf080, R10=0x0000000000000001, R11=0x0000000000000247
R12=0x000000000000001c, R13=0x0000000122856b88, R14=0x0000700000219738, R15=0x00007ffd1b003000
RIP=0x000000012643f12f, EFLAGS=0x0000000000010206, ERR=0x0000000000000004
  TRAPNO=0x000000000000000e

Top of Stack: (sp=0x00007000002196b0)
0x00007000002196b0:   0000000122856b88 0000000000000000
0x00007000002196c0:   0000700000219718 0000000109b31694
0x00007000002196d0:   0000000109b313e2 00007000002196d8
0x00007000002196e0:   0000000122856b88 0000700000219738
0x00007000002196f0:   0000000122891f98 0000000000000000
0x0000700000219700:   0000000122856b88 0000000000000000
0x0000700000219710:   0000700000219738 0000700000219780
0x0000700000219720:   0000000109b2398d 0000000000000000
0x0000700000219730:   0000000109b2b2b8 000000076b1e1c68
0x0000700000219740:   0000700000219740 000000012285702f
0x0000700000219750:   0000700000219798 0000000122891f98
0x0000700000219760:   0000000000000000 0000000122857098
0x0000700000219770:   0000700000219738 0000700000219798
0x0000700000219780:   00007000002197f0 0000000109b2398d
0x0000700000219790:   0000000000000000 000000076b1e1c68
0x00007000002197a0:   0000000000000001 000000076b13af28
0x00007000002197b0:   00007000002197a0 000000012286c6da
0x00007000002197c0:   0000700000219818 0000000122871618
0x00007000002197d0:   0000000000000000 000000012286c760
0x00007000002197e0:   0000700000219798 0000700000219818
0x00007000002197f0:   0000700000219860 0000000109b239d2
0x0000700000219800:   0000000000000000 0000000000000000
0x0000700000219810:   000000076b13af28 000000076b0ba9c8
0x0000700000219820:   0000700000219820 000000012283bba4
0x0000700000219830:   0000700000219870 0000000122869028
0x0000700000219840:   0000000000000000 000000012283bbe0
0x0000700000219850:   0000700000219818 0000700000219870
0x0000700000219860:   00007000002198b8 0000000109b2398d
0x0000700000219870:   000000076b0771e0 0000700000219878
0x0000700000219880:   000000012283ba55 00007000002198d0
0x0000700000219890:   0000000122869028 0000000000000000
0x00007000002198a0:   000000012283bae0 0000700000219870 

Instructions: (pc=0x000000012643f12f)
0x000000012643f10f:   00 01 00 00 00 48 8b bb 78 01 00 00 be 06 00 00
0x000000012643f11f:   00 e8 4d 27 00 00 bf 50 c3 00 00 e8 c7 27 00 00
0x000000012643f12f:   83 bb 68 01 00 00 01 74 16 48 8b bb 78 01 00 00
0x000000012643f13f:   e8 16 27 00 00 c7 83 68 01 00 00 01 00 00 00 5b 

Register to memory mapping:

RAX=0x0000000000000000 is an unknown value
RBX=0x0000700000e3d700 is an unknown value
RCX=0x000070000021a050 is an unknown value
RDX=0xffffffffffffffff is an unknown value
RSP=0x00007000002196b0 is pointing into the stack for thread: 0x00007ffd1b003000
RBP=0x00007000002196c0 is pointing into the stack for thread: 0x00007ffd1b003000
RSI=0x0000000000000000 is an unknown value
RDI=0x000000000000003c is an unknown value
R8 =0x0000000000000000 is an unknown value
R9 =0x0000000002faf080 is an unknown value
R10=0x0000000000000001 is an unknown value
R11=0x0000000000000247 is an unknown value
R12=0x000000000000001c is an unknown value
R13={method} {0x0000000122856b88} 'interruptEventLoop' '()V' in 'gnu/io/RXTXPort'
R14=0x0000700000219738 is pointing into the stack for thread: 0x00007ffd1b003000
R15=0x00007ffd1b003000 is a thread


Stack: [0x000070000011a000,0x000070000021a000],  sp=0x00007000002196b0,  free space=1021k
Native frames: (J=compiled Java code, j=interpreted, Vv=VM code, C=native code)
C  [librxtxSerial.jnilib+0x312f]  Java_gnu_io_RXTXPort_interruptEventLoop+0x6b
j  gnu.io.RXTXPort.interruptEventLoop()V+0
j  gnu.io.RXTXPort.removeEventListener()V+55
j  com.digi.xbee.api.connection.serial.SerialPortRxTx.close()V+82
j  com.digi.xbee.api.XBeeDevice.close()V+28
j  com.digi.xbee.api.XBeeDevice.open()V+157
j  receivedata.MainApp.main([Ljava/lang/String;)V+140
v  ~StubRoutines::call_stub
V  [libjvm.dylib+0x2d4516]  JavaCalls::call_helper(JavaValue*, methodHandle*, JavaCallArguments*, Thread*)+0x6ae
V  [libjvm.dylib+0x30958b]  jni_invoke_static(JNIEnv_*, JavaValue*, _jobject*, JNICallType, _jmethodID*, JNI_ArgumentPusher*, Thread*)+0x1bf
V  [libjvm.dylib+0x302785]  jni_CallStaticVoidMethod+0x15d
C  [java+0x2c82]  JavaMain+0x998
C  [libsystem_pthread.dylib+0x399d]  _pthread_body+0x83
C  [libsystem_pthread.dylib+0x391a]  _pthread_body+0x0
C  [libsystem_pthread.dylib+0x1351]  thread_start+0xd
C  0x0000000000000000

Java frames: (J=compiled Java code, j=interpreted, Vv=VM code)
j  gnu.io.RXTXPort.interruptEventLoop()V+0
j  gnu.io.RXTXPort.removeEventListener()V+55
j  com.digi.xbee.api.connection.serial.SerialPortRxTx.close()V+82
j  com.digi.xbee.api.XBeeDevice.close()V+28
j  com.digi.xbee.api.XBeeDevice.open()V+157
j  receivedata.MainApp.main([Ljava/lang/String;)V+140
v  ~StubRoutines::call_stub

---------------  P R O C E S S  ---------------

Java Threads: ( => current thread )
  0x00007ffd1b835800 JavaThread "Service Thread" daemon [_thread_blocked, id=21251, stack(0x0000700001353000,0x0000700001453000)]
  0x00007ffd1a815800 JavaThread "C1 CompilerThread3" daemon [_thread_blocked, id=20739, stack(0x0000700001250000,0x0000700001350000)]
  0x00007ffd1c012000 JavaThread "C2 CompilerThread2" daemon [_thread_blocked, id=20227, stack(0x000070000114d000,0x000070000124d000)]
  0x00007ffd1c011800 JavaThread "C2 CompilerThread1" daemon [_thread_blocked, id=19715, stack(0x000070000104a000,0x000070000114a000)]
  0x00007ffd1b82a800 JavaThread "C2 CompilerThread0" daemon [_thread_blocked, id=19203, stack(0x0000700000f47000,0x0000700001047000)]
  0x00007ffd1b804000 JavaThread "Signal Dispatcher" daemon [_thread_blocked, id=15887, stack(0x0000700000e44000,0x0000700000f44000)]
  0x00007ffd1c00f800 JavaThread "Finalizer" daemon [_thread_blocked, id=14339, stack(0x0000700000c3b000,0x0000700000d3b000)]
  0x00007ffd1c00e800 JavaThread "Reference Handler" daemon [_thread_blocked, id=13827, stack(0x0000700000b38000,0x0000700000c38000)]
=>0x00007ffd1b003000 JavaThread "main" [_thread_in_native, id=5891, stack(0x000070000011a000,0x000070000021a000)]

Other Threads:
  0x00007ffd1c00a000 VMThread [stack: 0x0000700000a35000,0x0000700000b35000] [id=13315]
  0x00007ffd1a816000 WatcherThread [stack: 0x0000700001456000,0x0000700001556000] [id=21763]

VM state:not at safepoint (normal execution)

VM Mutex/Monitor currently owned by a thread: None

Heap:
 PSYoungGen      total 76288K, used 11805K [0x000000076ab00000, 0x0000000770000000, 0x00000007c0000000)
  eden space 65536K, 18% used [0x000000076ab00000,0x000000076b687550,0x000000076eb00000)
  from space 10752K, 0% used [0x000000076f580000,0x000000076f580000,0x0000000770000000)
  to   space 10752K, 0% used [0x000000076eb00000,0x000000076eb00000,0x000000076f580000)
 ParOldGen       total 175104K, used 0K [0x00000006c0000000, 0x00000006cab00000, 0x000000076ab00000)
  object space 175104K, 0% used [0x00000006c0000000,0x00000006c0000000,0x00000006cab00000)
 Metaspace       used 4887K, capacity 5296K, committed 5504K, reserved 1056768K
  class space    used 548K, capacity 600K, committed 640K, reserved 1048576K

Card table byte_map: [0x0000000118edc000,0x00000001196dd000] byte_map_base: 0x00000001158dc000

Marking Bits: (ParMarkBitMap*) 0x000000010949d390
 Begin Bits: [0x0000000119c33000, 0x000000011dc33000)
 End Bits:   [0x000000011dc33000, 0x0000000121c33000)

Polling page: 0x0000000107a6b000

CodeCache: size=245760Kb used=1600Kb max_used=1601Kb free=244159Kb
 bounds [0x0000000109b1c000, 0x0000000109d8c000, 0x0000000118b1c000]
 total_blobs=517 nmethods=257 adapters=175
 compilation: enabled

Compilation events (10 events):
Event: 13.223 Thread 0x00007ffd1a815800 nmethod 253 0x0000000109ca88d0 code [0x0000000109ca8a80, 0x0000000109ca8f28]
Event: 13.223 Thread 0x00007ffd1a815800  254       3       java.util.Formatter$Flags::contains (22 bytes)
Event: 13.223 Thread 0x00007ffd1a815800 nmethod 254 0x0000000109ca9090 code [0x0000000109ca9200, 0x0000000109ca9410]
Event: 13.225 Thread 0x00007ffd1c012000 nmethod 251 0x0000000109cac550 code [0x0000000109cac6a0, 0x0000000109cacaf8]
Event: 17.947 Thread 0x00007ffd1a815800  255       3       java.util.concurrent.ConcurrentHashMap::get (162 bytes)
Event: 17.948 Thread 0x00007ffd1a815800 nmethod 255 0x0000000109cab350 code [0x0000000109cab560, 0x0000000109cac0f8]
Event: 17.948 Thread 0x00007ffd1a815800  256       3       java.util.regex.Pattern$GroupHead::match (47 bytes)
Event: 17.948 Thread 0x00007ffd1a815800 nmethod 256 0x0000000109caad50 code [0x0000000109caaec0, 0x0000000109cab168]
Event: 17.948 Thread 0x00007ffd1a815800  257       3       java.util.regex.Matcher::group (112 bytes)
Event: 17.949 Thread 0x00007ffd1a815800 nmethod 257 0x0000000109ca9850 code [0x0000000109ca9a80, 0x0000000109caa7c8]

GC Heap History (0 events):
No events

Deoptimization events (0 events):
No events

Internal exceptions (10 events):
Event: 13.204 Thread 0x00007ffd1b003000 Exception <a 'java/security/PrivilegedActionException'> (0x000000076b28d9f8) thrown at [/HUDSON3/workspace/8-2-build-macosx-x86_64/jdk8u25/1514/hotspot/src/share/vm/prims/jvm.cpp, line 1312]
Event: 13.205 Thread 0x00007ffd1b003000 Exception <a 'java/security/PrivilegedActionException'> (0x000000076b296050) thrown at [/HUDSON3/workspace/8-2-build-macosx-x86_64/jdk8u25/1514/hotspot/src/share/vm/prims/jvm.cpp, line 1312]
Event: 13.205 Thread 0x00007ffd1b003000 Exception <a 'java/security/PrivilegedActionException'> (0x000000076b29cbd8) thrown at [/HUDSON3/workspace/8-2-build-macosx-x86_64/jdk8u25/1514/hotspot/src/share/vm/prims/jvm.cpp, line 1312]
Event: 13.218 Thread 0x00007ffd1b003000 Exception <a 'java/security/PrivilegedActionException'> (0x000000076b2a5240) thrown at [/HUDSON3/workspace/8-2-build-macosx-x86_64/jdk8u25/1514/hotspot/src/share/vm/prims/jvm.cpp, line 1312]
Event: 13.219 Thread 0x00007ffd1b003000 Exception <a 'java/security/PrivilegedActionException'> (0x000000076b2aa080) thrown at [/HUDSON3/workspace/8-2-build-macosx-x86_64/jdk8u25/1514/hotspot/src/share/vm/prims/jvm.cpp, line 1312]
Event: 13.219 Thread 0x00007ffd1b003000 Exception <a 'java/security/PrivilegedActionException'> (0x000000076b2aefb0) thrown at [/HUDSON3/workspace/8-2-build-macosx-x86_64/jdk8u25/1514/hotspot/src/share/vm/prims/jvm.cpp, line 1312]
Event: 13.220 Thread 0x00007ffd1b003000 Exception <a 'java/security/PrivilegedActionException'> (0x000000076b5470c0) thrown at [/HUDSON3/workspace/8-2-build-macosx-x86_64/jdk8u25/1514/hotspot/src/share/vm/prims/jvm.cpp, line 1312]
Event: 13.221 Thread 0x00007ffd1b003000 Exception <a 'java/security/PrivilegedActionException'> (0x000000076b54eba0) thrown at [/HUDSON3/workspace/8-2-build-macosx-x86_64/jdk8u25/1514/hotspot/src/share/vm/prims/jvm.cpp, line 1312]
Event: 13.221 Thread 0x00007ffd1b003000 Exception <a 'java/security/PrivilegedActionException'> (0x000000076b554a10) thrown at [/HUDSON3/workspace/8-2-build-macosx-x86_64/jdk8u25/1514/hotspot/src/share/vm/prims/jvm.cpp, line 1312]
Event: 13.222 Thread 0x00007ffd1b003000 Exception <a 'java/security/PrivilegedActionException'> (0x000000076b559ea0) thrown at [/HUDSON3/workspace/8-2-build-macosx-x86_64/jdk8u25/1514/hotspot/src/share/vm/prims/jvm.cpp, line 1312]

Events (10 events):
Event: 17.947 loading class java/lang/Throwable$PrintStreamOrWriter done
Event: 17.947 loading class java/lang/Throwable$WrappedPrintWriter done
Event: 17.947 loading class java/util/IdentityHashMap$KeySet
Event: 17.947 loading class java/util/IdentityHashMap$KeySet done
Event: 17.948 Executing VM operation: RevokeBias
Event: 17.948 Executing VM operation: RevokeBias done
Event: 17.948 Thread 0x00007ffd1b8ac000 Thread exited: 0x00007ffd1b8ac000
Event: 17.949 Executing VM operation: RevokeBias
Event: 17.949 Executing VM operation: RevokeBias done
Event: 17.949 Thread 0x00007ffd1a850800 Thread exited: 0x00007ffd1a850800


Dynamic libraries:
0x0000000004fc0000 	/System/Library/Frameworks/Cocoa.framework/Versions/A/Cocoa
0x0000000004fc0000 	/System/Library/Frameworks/Security.framework/Versions/A/Security
0x0000000004fc0000 	/System/Library/Frameworks/ApplicationServices.framework/Versions/A/ApplicationServices
0x0000000004fc0000 	/usr/lib/libz.1.dylib
0x0000000004fc0000 	/usr/lib/libSystem.B.dylib
0x0000000004fc0000 	/usr/lib/libobjc.A.dylib
0x0000000004fc0000 	/System/Library/Frameworks/CoreFoundation.framework/Versions/A/CoreFoundation
0x0000000004fc0000 	/System/Library/Frameworks/Foundation.framework/Versions/C/Foundation
0x0000000004fc0000 	/System/Library/Frameworks/AppKit.framework/Versions/C/AppKit
0x0000000004fc0000 	/System/Library/Frameworks/CoreData.framework/Versions/A/CoreData
0x0000000004fc0000 	/System/Library/PrivateFrameworks/RemoteViewServices.framework/Versions/A/RemoteViewServices
0x0000000004fc0000 	/System/Library/PrivateFrameworks/UIFoundation.framework/Versions/A/UIFoundation
0x0000000004fc0000 	/usr/lib/libScreenReader.dylib
0x0000000004fc0000 	/System/Library/Frameworks/Accelerate.framework/Versions/A/Accelerate
0x0000000004fc0000 	/System/Library/Frameworks/IOSurface.framework/Versions/A/IOSurface
0x0000000004fc0000 	/System/Library/Frameworks/AudioToolbox.framework/Versions/A/AudioToolbox
0x0000000004fc0000 	/System/Library/Frameworks/AudioUnit.framework/Versions/A/AudioUnit
0x0000000004fc0000 	/System/Library/PrivateFrameworks/DataDetectorsCore.framework/Versions/A/DataDetectorsCore
0x0000000004fc0000 	/System/Library/PrivateFrameworks/DesktopServicesPriv.framework/Versions/A/DesktopServicesPriv
0x0000000004fc0000 	/System/Library/Frameworks/Carbon.framework/Versions/A/Frameworks/HIToolbox.framework/Versions/A/HIToolbox
0x0000000004fc0000 	/System/Library/Frameworks/QuartzCore.framework/Versions/A/QuartzCore
0x0000000004fc0000 	/System/Library/Frameworks/Carbon.framework/Versions/A/Frameworks/SpeechRecognition.framework/Versions/A/SpeechRecognition
0x0000000004fc0000 	/usr/lib/libauto.dylib
0x0000000004fc0000 	/usr/lib/libicucore.A.dylib
0x0000000004fc0000 	/usr/lib/libxml2.2.dylib
0x0000000004fc0000 	/System/Library/PrivateFrameworks/CoreUI.framework/Versions/A/CoreUI
0x0000000004fc0000 	/System/Library/Frameworks/CoreAudio.framework/Versions/A/CoreAudio
0x0000000004fc0000 	/System/Library/Frameworks/DiskArbitration.framework/Versions/A/DiskArbitration
0x0000000004fc0000 	/usr/lib/liblangid.dylib
0x0000000004fc0000 	/System/Library/PrivateFrameworks/MultitouchSupport.framework/Versions/A/MultitouchSupport
0x0000000004fc0000 	/System/Library/Frameworks/IOKit.framework/Versions/A/IOKit
0x0000000004fc0000 	/usr/lib/libDiagnosticMessagesClient.dylib
0x0000000004fc0000 	/System/Library/Frameworks/CoreServices.framework/Versions/A/CoreServices
0x0000000004fc0000 	/System/Library/PrivateFrameworks/PerformanceAnalysis.framework/Versions/A/PerformanceAnalysis
0x0000000004fc0000 	/System/Library/PrivateFrameworks/GenerationalStorage.framework/Versions/A/GenerationalStorage
0x0000000004fc0000 	/System/Library/Frameworks/OpenGL.framework/Versions/A/OpenGL
0x0000000004fc0000 	/System/Library/PrivateFrameworks/Sharing.framework/Versions/A/Sharing
0x0000000004fc0000 	/System/Library/Frameworks/CoreGraphics.framework/Versions/A/CoreGraphics
0x0000000004fc0000 	/System/Library/Frameworks/CoreImage.framework/Versions/A/CoreImage
0x0000000004fc0000 	/System/Library/Frameworks/CoreText.framework/Versions/A/CoreText
0x0000000004fc0000 	/System/Library/Frameworks/ImageIO.framework/Versions/A/ImageIO
0x0000000004fc0000 	/System/Library/PrivateFrameworks/Backup.framework/Versions/A/Backup
0x0000000004fc0000 	/usr/lib/libextension.dylib
0x0000000004fc0000 	/usr/lib/libarchive.2.dylib
0x0000000004fc0000 	/System/Library/Frameworks/CFNetwork.framework/Versions/A/CFNetwork
0x0000000004fc0000 	/System/Library/Frameworks/SystemConfiguration.framework/Versions/A/SystemConfiguration
0x0000000004fc0000 	/usr/lib/libCRFSuite.dylib
0x0000000004fc0000 	/usr/lib/libc++.1.dylib
0x0000000004fc0000 	/usr/lib/libc++abi.dylib
0x0000000004fc0000 	/usr/lib/system/libcache.dylib
0x0000000004fc0000 	/usr/lib/system/libcommonCrypto.dylib
0x0000000004fc0000 	/usr/lib/system/libcompiler_rt.dylib
0x0000000004fc0000 	/usr/lib/system/libcopyfile.dylib
0x0000000004fc0000 	/usr/lib/system/libcorecrypto.dylib
0x0000000004fc0000 	/usr/lib/system/libdispatch.dylib
0x0000000004fc0000 	/usr/lib/system/libdyld.dylib
0x0000000004fc0000 	/usr/lib/system/libkeymgr.dylib
0x0000000004fc0000 	/usr/lib/system/liblaunch.dylib
0x0000000004fc0000 	/usr/lib/system/libmacho.dylib
0x0000000004fc0000 	/usr/lib/system/libquarantine.dylib
0x0000000004fc0000 	/usr/lib/system/libremovefile.dylib
0x0000000004fc0000 	/usr/lib/system/libsystem_asl.dylib
0x0000000004fc0000 	/usr/lib/system/libsystem_blocks.dylib
0x0000000004fc0000 	/usr/lib/system/libsystem_c.dylib
0x0000000004fc0000 	/usr/lib/system/libsystem_configuration.dylib
0x0000000004fc0000 	/usr/lib/system/libsystem_coreservices.dylib
0x0000000004fc0000 	/usr/lib/system/libsystem_coretls.dylib
0x0000000004fc0000 	/usr/lib/system/libsystem_dnssd.dylib
0x0000000004fc0000 	/usr/lib/system/libsystem_info.dylib
0x0000000004fc0000 	/usr/lib/system/libsystem_kernel.dylib
0x0000000004fc0000 	/usr/lib/system/libsystem_m.dylib
0x0000000004fc0000 	/usr/lib/system/libsystem_malloc.dylib
0x0000000004fc0000 	/usr/lib/system/libsystem_network.dylib
0x0000000004fc0000 	/usr/lib/system/libsystem_networkextension.dylib
0x0000000004fc0000 	/usr/lib/system/libsystem_notify.dylib
0x0000000004fc0000 	/usr/lib/system/libsystem_platform.dylib
0x0000000004fc0000 	/usr/lib/system/libsystem_pthread.dylib
0x0000000004fc0000 	/usr/lib/system/libsystem_sandbox.dylib
0x0000000004fc0000 	/usr/lib/system/libsystem_secinit.dylib
0x0000000004fc0000 	/usr/lib/system/libsystem_trace.dylib
0x0000000004fc0000 	/usr/lib/system/libunc.dylib
0x0000000004fc0000 	/usr/lib/system/libunwind.dylib
0x0000000004fc0000 	/usr/lib/system/libxpc.dylib
0x0000000004fc0000 	/usr/lib/libenergytrace.dylib
0x0000000004fc0000 	/usr/lib/libbsm.0.dylib
0x0000000004fc0000 	/usr/lib/system/libkxld.dylib
0x0000000004fc0000 	/usr/lib/libxar.1.dylib
0x0000000004fc0000 	/usr/lib/libsqlite3.dylib
0x0000000004fc0000 	/usr/lib/libpam.2.dylib
0x0000000004fc0000 	/usr/lib/libOpenScriptingUtil.dylib
0x0000000004fc0000 	/usr/lib/libbz2.1.0.dylib
0x0000000004fc0000 	/usr/lib/liblzma.5.dylib
0x0000000004fc0000 	/System/Library/Frameworks/CoreServices.framework/Versions/A/Frameworks/FSEvents.framework/Versions/A/FSEvents
0x0000000004fc0000 	/System/Library/Frameworks/CoreServices.framework/Versions/A/Frameworks/CarbonCore.framework/Versions/A/CarbonCore
0x0000000004fc0000 	/System/Library/Frameworks/CoreServices.framework/Versions/A/Frameworks/Metadata.framework/Versions/A/Metadata
0x0000000004fc0000 	/System/Library/Frameworks/CoreServices.framework/Versions/A/Frameworks/OSServices.framework/Versions/A/OSServices
0x0000000004fc0000 	/System/Library/Frameworks/CoreServices.framework/Versions/A/Frameworks/SearchKit.framework/Versions/A/SearchKit
0x0000000004fc0000 	/System/Library/Frameworks/CoreServices.framework/Versions/A/Frameworks/AE.framework/Versions/A/AE
0x0000000004fc0000 	/System/Library/Frameworks/CoreServices.framework/Versions/A/Frameworks/LaunchServices.framework/Versions/A/LaunchServices
0x0000000004fc0000 	/System/Library/Frameworks/CoreServices.framework/Versions/A/Frameworks/DictionaryServices.framework/Versions/A/DictionaryServices
0x0000000004fc0000 	/System/Library/Frameworks/CoreServices.framework/Versions/A/Frameworks/SharedFileList.framework/Versions/A/SharedFileList
0x0000000004fc0000 	/System/Library/Frameworks/NetFS.framework/Versions/A/NetFS
0x0000000004fc0000 	/System/Library/PrivateFrameworks/NetAuth.framework/Versions/A/NetAuth
0x0000000004fc0000 	/System/Library/PrivateFrameworks/login.framework/Versions/A/Frameworks/loginsupport.framework/Versions/A/loginsupport
0x0000000004fc0000 	/System/Library/PrivateFrameworks/TCC.framework/Versions/A/TCC
0x0000000004fc0000 	/usr/lib/libmecabra.dylib
0x0000000004fc0000 	/System/Library/Frameworks/ApplicationServices.framework/Versions/A/Frameworks/ATS.framework/Versions/A/ATS
0x0000000004fc0000 	/System/Library/Frameworks/ApplicationServices.framework/Versions/A/Frameworks/ColorSync.framework/Versions/A/ColorSync
0x0000000004fc0000 	/System/Library/Frameworks/ApplicationServices.framework/Versions/A/Frameworks/HIServices.framework/Versions/A/HIServices
0x0000000004fc0000 	/System/Library/Frameworks/ApplicationServices.framework/Versions/A/Frameworks/LangAnalysis.framework/Versions/A/LangAnalysis
0x0000000004fc0000 	/System/Library/Frameworks/ApplicationServices.framework/Versions/A/Frameworks/PrintCore.framework/Versions/A/PrintCore
0x0000000004fc0000 	/System/Library/Frameworks/ApplicationServices.framework/Versions/A/Frameworks/QD.framework/Versions/A/QD
0x0000000004fc0000 	/System/Library/Frameworks/ApplicationServices.framework/Versions/A/Frameworks/SpeechSynthesis.framework/Versions/A/SpeechSynthesis
0x0000000004fc0000 	/System/Library/Frameworks/Metal.framework/Versions/A/Metal
0x0000000004fc0000 	/System/Library/Frameworks/Accelerate.framework/Versions/A/Frameworks/vImage.framework/Versions/A/vImage
0x0000000004fc0000 	/System/Library/Frameworks/Accelerate.framework/Versions/A/Frameworks/vecLib.framework/Versions/A/vecLib
0x0000000004fc0000 	/System/Library/Frameworks/Accelerate.framework/Versions/A/Frameworks/vecLib.framework/Versions/A/libvDSP.dylib
0x0000000004fc0000 	/System/Library/Frameworks/Accelerate.framework/Versions/A/Frameworks/vecLib.framework/Versions/A/libvMisc.dylib
0x0000000004fc0000 	/System/Library/Frameworks/Accelerate.framework/Versions/A/Frameworks/vecLib.framework/Versions/A/libLAPACK.dylib
0x0000000004fc0000 	/System/Library/Frameworks/Accelerate.framework/Versions/A/Frameworks/vecLib.framework/Versions/A/libBLAS.dylib
0x0000000004fc0000 	/System/Library/Frameworks/Accelerate.framework/Versions/A/Frameworks/vecLib.framework/Versions/A/libLinearAlgebra.dylib
0x0000000004fc0000 	/System/Library/Frameworks/Accelerate.framework/Versions/A/Frameworks/vecLib.framework/Versions/A/libSparseBLAS.dylib
0x0000000004fc0000 	/System/Library/PrivateFrameworks/GPUCompiler.framework/libmetal_timestamp.dylib
0x0000000004fc0000 	/System/Library/Frameworks/OpenGL.framework/Versions/A/Libraries/libCoreFSCache.dylib
0x0000000004fc0000 	/System/Library/PrivateFrameworks/IOAccelerator.framework/Versions/A/IOAccelerator
0x0000000004fc0000 	/System/Library/Frameworks/ApplicationServices.framework/Versions/A/Frameworks/ATS.framework/Versions/A/Resources/libFontParser.dylib
0x0000000004fc0000 	/System/Library/Frameworks/ApplicationServices.framework/Versions/A/Frameworks/ATS.framework/Versions/A/Resources/libFontRegistry.dylib
0x0000000004fc0000 	/System/Library/PrivateFrameworks/AppleVPA.framework/Versions/A/AppleVPA
0x0000000004fc0000 	/System/Library/PrivateFrameworks/AppleJPEG.framework/Versions/A/AppleJPEG
0x0000000004fc0000 	/System/Library/Frameworks/ImageIO.framework/Versions/A/Resources/libJPEG.dylib
0x0000000004fc0000 	/System/Library/Frameworks/ImageIO.framework/Versions/A/Resources/libTIFF.dylib
0x0000000004fc0000 	/System/Library/Frameworks/ImageIO.framework/Versions/A/Resources/libPng.dylib
0x0000000004fc0000 	/System/Library/Frameworks/ImageIO.framework/Versions/A/Resources/libGIF.dylib
0x0000000004fc0000 	/System/Library/Frameworks/ImageIO.framework/Versions/A/Resources/libJP2.dylib
0x0000000004fc0000 	/System/Library/Frameworks/ImageIO.framework/Versions/A/Resources/libRadiance.dylib
0x0000000004fc0000 	/System/Library/Frameworks/CoreVideo.framework/Versions/A/CoreVideo
0x0000000004fc0000 	/System/Library/Frameworks/OpenGL.framework/Versions/A/Libraries/libGLU.dylib
0x0000000004fc0000 	/System/Library/Frameworks/OpenGL.framework/Versions/A/Libraries/libGFXShared.dylib
0x0000000004fc0000 	/System/Library/Frameworks/OpenGL.framework/Versions/A/Libraries/libGL.dylib
0x0000000004fc0000 	/System/Library/Frameworks/OpenGL.framework/Versions/A/Libraries/libGLImage.dylib
0x0000000004fc0000 	/System/Library/Frameworks/OpenGL.framework/Versions/A/Libraries/libCVMSPluginSupport.dylib
0x0000000004fc0000 	/System/Library/Frameworks/OpenGL.framework/Versions/A/Libraries/libCoreVMClient.dylib
0x0000000004fc0000 	/usr/lib/libcompression.dylib
0x0000000004fc0000 	/usr/lib/libcups.2.dylib
0x0000000004fc0000 	/System/Library/Frameworks/Kerberos.framework/Versions/A/Kerberos
0x0000000004fc0000 	/System/Library/Frameworks/GSS.framework/Versions/A/GSS
0x0000000004fc0000 	/usr/lib/libresolv.9.dylib
0x0000000004fc0000 	/usr/lib/libiconv.2.dylib
0x0000000004fc0000 	/System/Library/PrivateFrameworks/Heimdal.framework/Versions/A/Heimdal
0x0000000004fc0000 	/usr/lib/libheimdal-asn1.dylib
0x0000000004fc0000 	/System/Library/Frameworks/OpenDirectory.framework/Versions/A/OpenDirectory
0x0000000004fc0000 	/System/Library/PrivateFrameworks/CommonAuth.framework/Versions/A/CommonAuth
0x0000000004fc0000 	/System/Library/Frameworks/OpenDirectory.framework/Versions/A/Frameworks/CFOpenDirectory.framework/Versions/A/CFOpenDirectory
0x0000000004fc0000 	/System/Library/Frameworks/SecurityFoundation.framework/Versions/A/SecurityFoundation
0x0000000004fc0000 	/System/Library/PrivateFrameworks/LanguageModeling.framework/Versions/A/LanguageModeling
0x0000000004fc0000 	/usr/lib/libmarisa.dylib
0x0000000004fc0000 	/usr/lib/libChineseTokenizer.dylib
0x0000000004fc0000 	/usr/lib/libcmph.dylib
0x0000000004fc0000 	/System/Library/Frameworks/ServiceManagement.framework/Versions/A/ServiceManagement
0x0000000004fc0000 	/usr/lib/libxslt.1.dylib
0x0000000004fc0000 	/System/Library/Frameworks/Carbon.framework/Versions/A/Frameworks/Ink.framework/Versions/A/Ink
0x0000000004fc0000 	/usr/lib/libFosl_dynamic.dylib
0x0000000004fc0000 	/System/Library/PrivateFrameworks/FaceCore.framework/Versions/A/FaceCore
0x0000000004fc0000 	/System/Library/Frameworks/OpenCL.framework/Versions/A/OpenCL
0x0000000004fc0000 	/System/Library/PrivateFrameworks/CrashReporterSupport.framework/Versions/A/CrashReporterSupport
0x0000000004fc0000 	/System/Library/PrivateFrameworks/IconServices.framework/Versions/A/IconServices
0x0000000004fc0000 	/System/Library/PrivateFrameworks/Apple80211.framework/Versions/A/Apple80211
0x0000000004fc0000 	/System/Library/Frameworks/CoreWLAN.framework/Versions/A/CoreWLAN
0x0000000004fc0000 	/System/Library/Frameworks/IOBluetooth.framework/Versions/A/IOBluetooth
0x0000000004fc0000 	/System/Library/PrivateFrameworks/CoreWiFi.framework/Versions/A/CoreWiFi
0x0000000004fc0000 	/System/Library/Frameworks/CoreBluetooth.framework/Versions/A/CoreBluetooth
0x0000000004fc0000 	/System/Library/PrivateFrameworks/ChunkingLibrary.framework/Versions/A/ChunkingLibrary
0x0000000004fc0000 	/System/Library/PrivateFrameworks/DebugSymbols.framework/Versions/A/DebugSymbols
0x0000000004fc0000 	/System/Library/PrivateFrameworks/CoreSymbolication.framework/Versions/A/CoreSymbolication
0x0000000004fc0000 	/System/Library/PrivateFrameworks/Symbolication.framework/Versions/A/Symbolication
0x0000000004fc0000 	/System/Library/PrivateFrameworks/SpeechRecognitionCore.framework/Versions/A/SpeechRecognitionCore
0x0000000108c00000 	/Library/Java/JavaVirtualMachines/jdk1.8.0_25.jdk/Contents/Home/jre/lib/server/libjvm.dylib
0x0000000004fc0000 	/usr/lib/libstdc++.6.dylib
0x0000000107a29000 	/Library/Java/JavaVirtualMachines/jdk1.8.0_25.jdk/Contents/Home/jre/lib/libverify.dylib
0x0000000107a37000 	/Library/Java/JavaVirtualMachines/jdk1.8.0_25.jdk/Contents/Home/jre/lib/libjava.dylib
0x0000000107a75000 	/Library/Java/JavaVirtualMachines/jdk1.8.0_25.jdk/Contents/Home/jre/lib/libzip.dylib
0x0000000124a65000 	/System/Library/Frameworks/JavaVM.framework/Frameworks/JavaRuntimeSupport.framework/JavaRuntimeSupport
0x0000000107be8000 	/System/Library/Frameworks/JavaVM.framework/Versions/A/Frameworks/JavaNativeFoundation.framework/Versions/A/JavaNativeFoundation
0x0000000124a80000 	/System/Library/Frameworks/JavaVM.framework/Versions/A/JavaVM
0x0000000004fc0000 	/System/Library/Frameworks/Carbon.framework/Versions/A/Carbon
0x0000000124a8d000 	/System/Library/PrivateFrameworks/JavaLaunching.framework/Versions/A/JavaLaunching
0x0000000004fc0000 	/System/Library/Frameworks/Carbon.framework/Versions/A/Frameworks/CommonPanels.framework/Versions/A/CommonPanels
0x0000000004fc0000 	/System/Library/Frameworks/Carbon.framework/Versions/A/Frameworks/Help.framework/Versions/A/Help
0x0000000004fc0000 	/System/Library/Frameworks/Carbon.framework/Versions/A/Frameworks/ImageCapture.framework/Versions/A/ImageCapture
0x0000000004fc0000 	/System/Library/Frameworks/Carbon.framework/Versions/A/Frameworks/OpenScripting.framework/Versions/A/OpenScripting
0x0000000004fc0000 	/System/Library/Frameworks/Carbon.framework/Versions/A/Frameworks/Print.framework/Versions/A/Print
0x0000000004fc0000 	/System/Library/Frameworks/Carbon.framework/Versions/A/Frameworks/SecurityHI.framework/Versions/A/SecurityHI
0x000000012640e000 	/Users/aitorurrutia/.jssc/mac_os_x/libjSSC-2.8_x86_64.jnilib
0x000000012643c000 	/Library/Java/Extensions/librxtxSerial.jnilib

VM Arguments:
jvm_args: -Dfile.encoding=UTF-8 
java_command: receivedata.MainApp
java_class_path (initial): /Users/aitorurrutia/GitHub/POPBL6/NodeSoftware/bin:/Users/aitorurrutia/GitHub/POPBL6/NodeSoftware/xbjlib-1.1.1.jar:/Users/aitorurrutia/GitHub/POPBL6/NodeSoftware/rxtx-2.2pre2.jar:/Users/aitorurrutia/GitHub/POPBL6/NodeSoftware/jssc-2.8.0.jar:/Users/aitorurrutia/GitHub/POPBL6/NodeSoftware/slf4j-api-1.7.12.jar:/Users/aitorurrutia/GitHub/POPBL6/NodeSoftware/slf4j-jdk14-1.7.12.jar:/Users/aitorurrutia/GitHub/POPBL6/NodeSoftware/slf4j-nop-1.7.12.jar:/Users/aitorurrutia/GitHub/POPBL6/NodeSoftware/slf4j-simple-1.7.12.jar
Launcher Type: SUN_STANDARD

Environment Variables:
PATH=/usr/bin:/bin:/usr/sbin:/sbin
SHELL=/bin/bash
DISPLAY=/private/tmp/com.apple.launchd.edvrTzbiFA/org.macosforge.xquartz:0

Signal Handlers:
SIGSEGV: [libjvm.dylib+0x579dc7], sa_mask[0]=11111111011111110111111111111111, sa_flags=SA_ONSTACK|SA_RESTART|SA_SIGINFO
SIGBUS: [libjvm.dylib+0x579dc7], sa_mask[0]=11111111011111110111111111111111, sa_flags=SA_RESTART|SA_SIGINFO
SIGFPE: [libjvm.dylib+0x45b030], sa_mask[0]=11111111011111110111111111111111, sa_flags=SA_RESTART|SA_SIGINFO
SIGPIPE: [libjvm.dylib+0x45b030], sa_mask[0]=11111111011111110111111111111111, sa_flags=SA_RESTART|SA_SIGINFO
SIGXFSZ: [libjvm.dylib+0x45b030], sa_mask[0]=11111111011111110111111111111111, sa_flags=SA_RESTART|SA_SIGINFO
SIGILL: [libjvm.dylib+0x45b030], sa_mask[0]=11111111011111110111111111111111, sa_flags=SA_RESTART|SA_SIGINFO
SIGUSR1: SIG_DFL, sa_mask[0]=00000000000000000000000000000000, sa_flags=none
SIGUSR2: [libjvm.dylib+0x45ab4e], sa_mask[0]=00100000000000000000000000000000, sa_flags=SA_RESTART|SA_SIGINFO
SIGHUP: [libjvm.dylib+0x459121], sa_mask[0]=11111111011111110111111111111111, sa_flags=SA_RESTART|SA_SIGINFO
SIGINT: [libjvm.dylib+0x459121], sa_mask[0]=11111111011111110111111111111111, sa_flags=SA_RESTART|SA_SIGINFO
SIGTERM: [libjvm.dylib+0x459121], sa_mask[0]=11111111011111110111111111111111, sa_flags=SA_RESTART|SA_SIGINFO
SIGQUIT: [libjvm.dylib+0x459121], sa_mask[0]=11111111011111110111111111111111, sa_flags=SA_RESTART|SA_SIGINFO


---------------  S Y S T E M  ---------------

OS:Bsduname:Darwin 15.5.0 Darwin Kernel Version 15.5.0: Tue Apr 19 18:36:36 PDT 2016; root:xnu-3248.50.21~8/RELEASE_X86_64 x86_64
rlimit: STACK 8192k, CORE 0k, NPROC 709, NOFILE 10240, AS infinity
load average:1.75 1.80 1.74

CPU:total 8 (4 cores per cpu, 2 threads per core) family 6 model 70 stepping 1, cmov, cx8, fxsr, mmx, sse, sse2, sse3, ssse3, sse4.1, sse4.2, popcnt, avx, avx2, aes, clmul, erms, lzcnt, ht, tsc, tscinvbit, bmi1, bmi2

Memory: 4k page, physical 16777216k(1526100k free)

/proc/meminfo:


vm_info: Java HotSpot(TM) 64-Bit Server VM (25.25-b02) for bsd-amd64 JRE (1.8.0_25-b17), built on Sep 17 2014 16:56:50 by "java_re" with gcc 4.2.1 (Based on Apple Inc. build 5658) (LLVM build 2336.11.00)

time: Mon May 30 16:00:25 2016
elapsed time: 18 seconds (0d 0h 0m 18s)

